<?xml version="1.0" encoding="UTF-8"?>
<!-- Generated by org.testng.reporters.JUnitXMLReporter -->
<testsuite ignored="0" hostname="DESKTOP-19H4P9G" failures="2" tests="3" name="UAT-AVENGERS" time="58.569" errors="0" timestamp="2024-03-21T10:44:08 IST">
  <testcase classname="com.avengers.testng2.TestNGPractise3" name="TC6" time="10.715"/>
  <testcase classname="com.avengers.testng2.TestNGPractise3" name="TC6" time="2.115">
    <failure type="java.lang.IllegalArgumentException" message="Keys to send should be a not null CharSequence">
      <![CDATA[java.lang.IllegalArgumentException: Keys to send should be a not null CharSequence
at org.openqa.selenium.remote.RemoteWebElement.sendKeys(RemoteWebElement.java:97)
at com.avengers.testng2.TestNGPractise3.TC6(TestNGPractise3.java:50)
at java.base/java.util.ArrayList.forEach(ArrayList.java:1511)
... Removed 27 stack frames]]>
    </failure>
  </testcase> <!-- TC6 -->
  <testcase classname="com.avengers.testng2.TestNGPractise3" name="TC6" time="2.092">
    <failure type="java.lang.IllegalArgumentException" message="Keys to send should be a not null CharSequence">
      <![CDATA[java.lang.IllegalArgumentException: Keys to send should be a not null CharSequence
at org.openqa.selenium.remote.RemoteWebElement.sendKeys(RemoteWebElement.java:97)
at com.avengers.testng2.TestNGPractise3.TC6(TestNGPractise3.java:50)
at java.base/java.util.ArrayList.forEach(ArrayList.java:1511)
... Removed 27 stack frames]]>
    </failure>
  </testcase> <!-- TC6 -->
</testsuite> <!-- UAT-AVENGERS -->
